-encoding
UTF-8
-outxml
-source
1.6
-target
1.6
-classpath
/Users/craigsg/.m2/repository/junit/junit/4.11/junit-4.11.jar:/Users/craigsg/.m2/repository/log4j/log4j/1.2.17/log4j-1.2.17.jar:/Users/craigsg/.m2/repository/org/slf4j/slf4j-api/1.7.5/slf4j-api-1.7.5.jar:/Users/craigsg/.m2/repository/org/slf4j/jcl-over-slf4j/1.7.5/jcl-over-slf4j-1.7.5.jar:/Users/craigsg/.m2/repository/org/slf4j/slf4j-log4j12/1.7.5/slf4j-log4j12-1.7.5.jar:/Users/craigsg/.m2/repository/org/aspectj/aspectjrt/1.8.1/aspectjrt-1.8.1.jar:/Users/craigsg/.m2/repository/org/aspectj/aspectjweaver/1.8.1/aspectjweaver-1.8.1.jar:/Users/craigsg/.m2/repository/javax/servlet/servlet-api/2.5/servlet-api-2.5.jar:/Users/craigsg/.m2/repository/net/sf/flexjson/flexjson/2.1/flexjson-2.1.jar:/Users/craigsg/.m2/repository/org/apache/commons/commons-lang3/3.1/commons-lang3-3.1.jar:/Users/craigsg/.m2/repository/org/springframework/roo/org.springframework.roo.annotations/1.3.1.RELEASE/org.springframework.roo.annotations-1.3.1.RELEASE.jar:/Users/craigsg/.m2/repository/org/springframework/spring-core/3.2.8.RELEASE/spring-core-3.2.8.RELEASE.jar:/Users/craigsg/.m2/repository/org/springframework/spring-test/3.2.8.RELEASE/spring-test-3.2.8.RELEASE.jar:/Users/craigsg/.m2/repository/org/springframework/spring-context/3.2.8.RELEASE/spring-context-3.2.8.RELEASE.jar:/Users/craigsg/.m2/repository/org/springframework/spring-aop/3.2.8.RELEASE/spring-aop-3.2.8.RELEASE.jar:/Users/craigsg/.m2/repository/org/springframework/spring-aspects/3.2.8.RELEASE/spring-aspects-3.2.8.RELEASE.jar:/Users/craigsg/.m2/repository/com/h2database/h2/1.3.172/h2-1.3.172.jar:/Users/craigsg/.m2/repository/org/eclipse/persistence/eclipselink/2.5.0/eclipselink-2.5.0.jar:/Users/craigsg/.m2/repository/org/hibernate/hibernate-validator/4.3.2.Final/hibernate-validator-4.3.2.Final.jar:/Users/craigsg/.m2/repository/javax/validation/validation-api/1.0.0.GA/validation-api-1.0.0.GA.jar:/Users/craigsg/.m2/repository/javax/transaction/jta/1.1/jta-1.1.jar:/Users/craigsg/.m2/repository/org/springframework/spring-jdbc/3.2.8.RELEASE/spring-jdbc-3.2.8.RELEASE.jar:/Users/craigsg/.m2/repository/org/springframework/spring-orm/3.2.8.RELEASE/spring-orm-3.2.8.RELEASE.jar:/Users/craigsg/.m2/repository/commons-pool/commons-pool/1.5.6/commons-pool-1.5.6.jar:/Users/craigsg/.m2/repository/commons-dbcp/commons-dbcp/1.4/commons-dbcp-1.4.jar:/Users/craigsg/.m2/repository/org/springframework/data/spring-data-jpa/1.4.3.RELEASE/spring-data-jpa-1.4.3.RELEASE.jar:/Users/craigsg/.m2/repository/org/springframework/spring-webmvc/3.2.8.RELEASE/spring-webmvc-3.2.8.RELEASE.jar:/Users/craigsg/.m2/repository/org/springframework/webflow/spring-js-resources/2.2.1.RELEASE/spring-js-resources-2.2.1.RELEASE.jar:/Users/craigsg/.m2/repository/commons-digester/commons-digester/2.1/commons-digester-2.1.jar:/Users/craigsg/.m2/repository/commons-fileupload/commons-fileupload/1.2.2/commons-fileupload-1.2.2.jar:/Users/craigsg/.m2/repository/javax/servlet/jsp/jstl/jstl-api/1.2/jstl-api-1.2.jar:/Users/craigsg/.m2/repository/org/glassfish/web/jstl-impl/1.2/jstl-impl-1.2.jar:/Users/craigsg/.m2/repository/javax/el/el-api/2.2/el-api-2.2.jar:/Users/craigsg/.m2/repository/joda-time/joda-time/1.6/joda-time-1.6.jar:/Users/craigsg/.m2/repository/javax/servlet/jsp/jsp-api/2.1/jsp-api-2.1.jar:/Users/craigsg/.m2/repository/commons-codec/commons-codec/1.5/commons-codec-1.5.jar:/Users/craigsg/.m2/repository/org/apache/tiles/tiles-jsp/2.2.2/tiles-jsp-2.2.2.jar:/Users/craigsg/.m2/repository/commons-io/commons-io/2.4/commons-io-2.4.jar:/Users/craigsg/.m2/repository/org/springframework/spring-beans/3.2.8.RELEASE/spring-beans-3.2.8.RELEASE.jar:/Users/craigsg/.m2/repository/org/springframework/spring-expression/3.2.8.RELEASE/spring-expression-3.2.8.RELEASE.jar:/Users/craigsg/.m2/repository/aopalliance/aopalliance/1.0/aopalliance-1.0.jar:/Users/craigsg/.m2/repository/org/eclipse/persistence/javax.persistence/2.1.0/javax.persistence-2.1.0.jar:/Users/craigsg/.m2/repository/org/eclipse/persistence/commonj.sdo/2.1.1/commonj.sdo-2.1.1.jar:/Users/craigsg/.m2/repository/org/jboss/logging/jboss-logging/3.1.0.CR2/jboss-logging-3.1.0.CR2.jar:/Users/craigsg/.m2/repository/org/springframework/spring-tx/3.2.8.RELEASE/spring-tx-3.2.8.RELEASE.jar:/Users/craigsg/.m2/repository/org/springframework/data/spring-data-commons/1.6.3.RELEASE/spring-data-commons-1.6.3.RELEASE.jar:/Users/craigsg/.m2/repository/org/springframework/spring-web/3.2.8.RELEASE/spring-web-3.2.8.RELEASE.jar:/Users/craigsg/.m2/repository/commons-beanutils/commons-beanutils/1.8.3/commons-beanutils-1.8.3.jar:/Users/craigsg/.m2/repository/org/apache/tiles/tiles-servlet/2.2.2/tiles-servlet-2.2.2.jar:/Users/craigsg/.m2/repository/org/apache/tiles/tiles-core/2.2.2/tiles-core-2.2.2.jar:/Users/craigsg/.m2/repository/org/apache/tiles/tiles-template/2.2.2/tiles-template-2.2.2.jar:/Users/craigsg/.m2/repository/org/apache/tiles/tiles-api/2.2.2/tiles-api-2.2.2.jar:/Users/craigsg/Documents/files/bbk/cbsd/software/bookface1_local/bf1/compiled/target/classes
-aspectpath
/Users/craigsg/.m2/repository/org/springframework/spring-aspects/3.2.8.RELEASE/spring-aspects-3.2.8.RELEASE.jar
-d
/Users/craigsg/Documents/files/bbk/cbsd/software/bookface1_local/bf1/compiled/target/classes
/Users/craigsg/Documents/files/bbk/cbsd/software/bookface1_local/bf1/compiled/src/main/java/com/cbsd/csg/bf1/domain/Author.java
/Users/craigsg/Documents/files/bbk/cbsd/software/bookface1_local/bf1/compiled/src/main/java/com/cbsd/csg/bf1/domain/Author_Roo_JavaBean.aj
/Users/craigsg/Documents/files/bbk/cbsd/software/bookface1_local/bf1/compiled/src/main/java/com/cbsd/csg/bf1/domain/Author_Roo_Jpa_Entity.aj
/Users/craigsg/Documents/files/bbk/cbsd/software/bookface1_local/bf1/compiled/src/main/java/com/cbsd/csg/bf1/domain/Author_Roo_ToString.aj
/Users/craigsg/Documents/files/bbk/cbsd/software/bookface1_local/bf1/compiled/src/main/java/com/cbsd/csg/bf1/domain/BFUser.java
/Users/craigsg/Documents/files/bbk/cbsd/software/bookface1_local/bf1/compiled/src/main/java/com/cbsd/csg/bf1/domain/BFUser_Roo_JavaBean.aj
/Users/craigsg/Documents/files/bbk/cbsd/software/bookface1_local/bf1/compiled/src/main/java/com/cbsd/csg/bf1/domain/BFUser_Roo_Jpa_Entity.aj
/Users/craigsg/Documents/files/bbk/cbsd/software/bookface1_local/bf1/compiled/src/main/java/com/cbsd/csg/bf1/domain/BFUser_Roo_ToString.aj
/Users/craigsg/Documents/files/bbk/cbsd/software/bookface1_local/bf1/compiled/src/main/java/com/cbsd/csg/bf1/domain/Book.java
/Users/craigsg/Documents/files/bbk/cbsd/software/bookface1_local/bf1/compiled/src/main/java/com/cbsd/csg/bf1/domain/Book_Roo_JavaBean.aj
/Users/craigsg/Documents/files/bbk/cbsd/software/bookface1_local/bf1/compiled/src/main/java/com/cbsd/csg/bf1/domain/Book_Roo_Jpa_Entity.aj
/Users/craigsg/Documents/files/bbk/cbsd/software/bookface1_local/bf1/compiled/src/main/java/com/cbsd/csg/bf1/domain/Book_Roo_ToString.aj
/Users/craigsg/Documents/files/bbk/cbsd/software/bookface1_local/bf1/compiled/src/main/java/com/cbsd/csg/bf1/domain/Comment.java
/Users/craigsg/Documents/files/bbk/cbsd/software/bookface1_local/bf1/compiled/src/main/java/com/cbsd/csg/bf1/domain/Comment_Roo_JavaBean.aj
/Users/craigsg/Documents/files/bbk/cbsd/software/bookface1_local/bf1/compiled/src/main/java/com/cbsd/csg/bf1/domain/Comment_Roo_Jpa_Entity.aj
/Users/craigsg/Documents/files/bbk/cbsd/software/bookface1_local/bf1/compiled/src/main/java/com/cbsd/csg/bf1/domain/Comment_Roo_ToString.aj
/Users/craigsg/Documents/files/bbk/cbsd/software/bookface1_local/bf1/compiled/src/main/java/com/cbsd/csg/bf1/repository/AuthorRepository.java
/Users/craigsg/Documents/files/bbk/cbsd/software/bookface1_local/bf1/compiled/src/main/java/com/cbsd/csg/bf1/repository/AuthorRepository_Roo_Jpa_Repository.aj
/Users/craigsg/Documents/files/bbk/cbsd/software/bookface1_local/bf1/compiled/src/main/java/com/cbsd/csg/bf1/repository/BFUserRepository.java
/Users/craigsg/Documents/files/bbk/cbsd/software/bookface1_local/bf1/compiled/src/main/java/com/cbsd/csg/bf1/repository/BFUserRepository_Roo_Jpa_Repository.aj
/Users/craigsg/Documents/files/bbk/cbsd/software/bookface1_local/bf1/compiled/src/main/java/com/cbsd/csg/bf1/repository/BookRepository.java
/Users/craigsg/Documents/files/bbk/cbsd/software/bookface1_local/bf1/compiled/src/main/java/com/cbsd/csg/bf1/repository/BookRepository_Roo_Jpa_Repository.aj
/Users/craigsg/Documents/files/bbk/cbsd/software/bookface1_local/bf1/compiled/src/main/java/com/cbsd/csg/bf1/repository/CommentRepository.java
/Users/craigsg/Documents/files/bbk/cbsd/software/bookface1_local/bf1/compiled/src/main/java/com/cbsd/csg/bf1/repository/CommentRepository_Roo_Jpa_Repository.aj
/Users/craigsg/Documents/files/bbk/cbsd/software/bookface1_local/bf1/compiled/src/main/java/com/cbsd/csg/bf1/service/AuthorService.java
/Users/craigsg/Documents/files/bbk/cbsd/software/bookface1_local/bf1/compiled/src/main/java/com/cbsd/csg/bf1/service/AuthorService_Roo_Service.aj
/Users/craigsg/Documents/files/bbk/cbsd/software/bookface1_local/bf1/compiled/src/main/java/com/cbsd/csg/bf1/service/AuthorServiceImpl.java
/Users/craigsg/Documents/files/bbk/cbsd/software/bookface1_local/bf1/compiled/src/main/java/com/cbsd/csg/bf1/service/AuthorServiceImpl_Roo_Service.aj
/Users/craigsg/Documents/files/bbk/cbsd/software/bookface1_local/bf1/compiled/src/main/java/com/cbsd/csg/bf1/service/BFUserService.java
/Users/craigsg/Documents/files/bbk/cbsd/software/bookface1_local/bf1/compiled/src/main/java/com/cbsd/csg/bf1/service/BFUserService_Roo_Service.aj
/Users/craigsg/Documents/files/bbk/cbsd/software/bookface1_local/bf1/compiled/src/main/java/com/cbsd/csg/bf1/service/BFUserServiceImpl.java
/Users/craigsg/Documents/files/bbk/cbsd/software/bookface1_local/bf1/compiled/src/main/java/com/cbsd/csg/bf1/service/BFUserServiceImpl_Roo_Service.aj
/Users/craigsg/Documents/files/bbk/cbsd/software/bookface1_local/bf1/compiled/src/main/java/com/cbsd/csg/bf1/service/BookService.java
/Users/craigsg/Documents/files/bbk/cbsd/software/bookface1_local/bf1/compiled/src/main/java/com/cbsd/csg/bf1/service/BookService_Roo_Service.aj
/Users/craigsg/Documents/files/bbk/cbsd/software/bookface1_local/bf1/compiled/src/main/java/com/cbsd/csg/bf1/service/BookServiceImpl.java
/Users/craigsg/Documents/files/bbk/cbsd/software/bookface1_local/bf1/compiled/src/main/java/com/cbsd/csg/bf1/service/BookServiceImpl_Roo_Service.aj
/Users/craigsg/Documents/files/bbk/cbsd/software/bookface1_local/bf1/compiled/src/main/java/com/cbsd/csg/bf1/service/CommentService.java
/Users/craigsg/Documents/files/bbk/cbsd/software/bookface1_local/bf1/compiled/src/main/java/com/cbsd/csg/bf1/service/CommentService_Roo_Service.aj
/Users/craigsg/Documents/files/bbk/cbsd/software/bookface1_local/bf1/compiled/src/main/java/com/cbsd/csg/bf1/service/CommentServiceImpl.java
/Users/craigsg/Documents/files/bbk/cbsd/software/bookface1_local/bf1/compiled/src/main/java/com/cbsd/csg/bf1/service/CommentServiceImpl_Roo_Service.aj
/Users/craigsg/Documents/files/bbk/cbsd/software/bookface1_local/bf1/compiled/src/main/java/com/cbsd/csg/bf1/web/ApplicationConversionServiceFactoryBean.java
/Users/craigsg/Documents/files/bbk/cbsd/software/bookface1_local/bf1/compiled/src/main/java/com/cbsd/csg/bf1/web/ApplicationConversionServiceFactoryBean_Roo_ConversionService.aj
/Users/craigsg/Documents/files/bbk/cbsd/software/bookface1_local/bf1/compiled/src/main/java/com/cbsd/csg/bf1/web/AuthorController.java
/Users/craigsg/Documents/files/bbk/cbsd/software/bookface1_local/bf1/compiled/src/main/java/com/cbsd/csg/bf1/web/AuthorController_Roo_Controller.aj
/Users/craigsg/Documents/files/bbk/cbsd/software/bookface1_local/bf1/compiled/src/main/java/com/cbsd/csg/bf1/web/BFUserController.java
/Users/craigsg/Documents/files/bbk/cbsd/software/bookface1_local/bf1/compiled/src/main/java/com/cbsd/csg/bf1/web/BFUserController_Roo_Controller.aj
/Users/craigsg/Documents/files/bbk/cbsd/software/bookface1_local/bf1/compiled/src/main/java/com/cbsd/csg/bf1/web/BookController.java
/Users/craigsg/Documents/files/bbk/cbsd/software/bookface1_local/bf1/compiled/src/main/java/com/cbsd/csg/bf1/web/BookController_Roo_Controller.aj
/Users/craigsg/Documents/files/bbk/cbsd/software/bookface1_local/bf1/compiled/src/main/java/com/cbsd/csg/bf1/web/CommentController.java
/Users/craigsg/Documents/files/bbk/cbsd/software/bookface1_local/bf1/compiled/src/main/java/com/cbsd/csg/bf1/web/CommentController_Roo_Controller.aj
